This file contains any messages produced by compilers while
running configure, to aid debugging if configure makes a mistake.

It was created by sphinxclient configure 1.3.2, which was
generated by GNU Autoconf 2.65.  Invocation command line was

  $ ./configure 

## --------- ##
## Platform. ##
## --------- ##

hostname = ubuntu
uname -m = i686
uname -r = 2.6.32-38-generic
uname -s = Linux
uname -v = #83-Ubuntu SMP Wed Jan 4 11:13:04 UTC 2012

/usr/bin/uname -p = unknown
/bin/uname -X     = unknown

/bin/arch              = unknown
/usr/bin/arch -k       = unknown
/usr/convex/getsysinfo = unknown
/usr/bin/hostinfo      = unknown
/bin/machine           = unknown
/usr/bin/oslevel       = unknown
/bin/universe          = unknown

PATH: /usr/local/sbin
PATH: /usr/local/bin
PATH: /usr/sbin
PATH: /usr/bin
PATH: /sbin
PATH: /bin
PATH: /usr/X11R6/bin


## ----------- ##
## Core tests. ##
## ----------- ##

configure:2479: checking for a BSD-compatible install
configure:2547: result: /usr/bin/install -c
configure:2558: checking whether build environment is sane
configure:2608: result: yes
configure:2749: checking for a thread-safe mkdir -p
configure:2788: result: /bin/mkdir -p
configure:2801: checking for gawk
configure:2831: result: no
configure:2801: checking for mawk
configure:2817: found /usr/bin/mawk
configure:2828: result: mawk
configure:2839: checking whether make sets $(MAKE)
configure:2861: result: yes
configure:3007: checking for g++
configure:3023: found /usr/bin/g++
configure:3034: result: g++
configure:3061: checking for C++ compiler version
configure:3070: g++ --version >&5
g++ (Ubuntu 4.4.3-4ubuntu5.1) 4.4.3
Copyright (C) 2009 Free Software Foundation, Inc.
This is free software; see the source for copying conditions.  There is NO
warranty; not even for MERCHANTABILITY or FITNESS FOR A PARTICULAR PURPOSE.

configure:3081: $? = 0
configure:3070: g++ -v >&5
Using built-in specs.
Target: i486-linux-gnu
Configured with: ../src/configure -v --with-pkgversion='Ubuntu 4.4.3-4ubuntu5.1' --with-bugurl=file:///usr/share/doc/gcc-4.4/README.Bugs --enable-languages=c,c++,fortran,objc,obj-c++ --prefix=/usr --enable-shared --enable-multiarch --enable-linker-build-id --with-system-zlib --libexecdir=/usr/lib --without-included-gettext --enable-threads=posix --with-gxx-include-dir=/usr/include/c++/4.4 --program-suffix=-4.4 --enable-nls --enable-clocale=gnu --enable-libstdcxx-debug --enable-plugin --enable-objc-gc --enable-targets=all --disable-werror --with-arch-32=i486 --with-tune=generic --enable-checking=release --build=i486-linux-gnu --host=i486-linux-gnu --target=i486-linux-gnu
Thread model: posix
gcc version 4.4.3 (Ubuntu 4.4.3-4ubuntu5.1) 
configure:3081: $? = 0
configure:3070: g++ -V >&5
g++: '-V' option must have argument
configure:3081: $? = 1
configure:3070: g++ -qversion >&5
g++: unrecognized option '-qversion'
g++: no input files
configure:3081: $? = 1
configure:3101: checking whether the C++ compiler works
configure:3123: g++    conftest.cpp  >&5
configure:3127: $? = 0
configure:3176: result: yes
configure:3179: checking for C++ compiler default output file name
configure:3181: result: a.out
configure:3187: checking for suffix of executables
configure:3194: g++ -o conftest    conftest.cpp  >&5
configure:3198: $? = 0
configure:3220: result: 
configure:3242: checking whether we are cross compiling
configure:3250: g++ -o conftest    conftest.cpp  >&5
configure:3254: $? = 0
configure:3261: ./conftest
configure:3265: $? = 0
configure:3280: result: no
configure:3285: checking for suffix of object files
configure:3307: g++ -c   conftest.cpp >&5
configure:3311: $? = 0
configure:3332: result: o
configure:3336: checking whether we are using the GNU C++ compiler
configure:3355: g++ -c   conftest.cpp >&5
configure:3355: $? = 0
configure:3364: result: yes
configure:3373: checking whether g++ accepts -g
configure:3393: g++ -c -g  conftest.cpp >&5
configure:3393: $? = 0
configure:3434: result: yes
configure:3468: checking for style of include used by make
configure:3496: result: GNU
configure:3521: checking dependency style of g++
configure:3631: result: gcc3
configure:3696: checking for gcc
configure:3712: found /usr/bin/gcc
configure:3723: result: gcc
configure:3952: checking for C compiler version
configure:3961: gcc --version >&5
gcc (Ubuntu 4.4.3-4ubuntu5.1) 4.4.3
Copyright (C) 2009 Free Software Foundation, Inc.
This is free software; see the source for copying conditions.  There is NO
warranty; not even for MERCHANTABILITY or FITNESS FOR A PARTICULAR PURPOSE.

configure:3972: $? = 0
configure:3961: gcc -v >&5
Using built-in specs.
Target: i486-linux-gnu
Configured with: ../src/configure -v --with-pkgversion='Ubuntu 4.4.3-4ubuntu5.1' --with-bugurl=file:///usr/share/doc/gcc-4.4/README.Bugs --enable-languages=c,c++,fortran,objc,obj-c++ --prefix=/usr --enable-shared --enable-multiarch --enable-linker-build-id --with-system-zlib --libexecdir=/usr/lib --without-included-gettext --enable-threads=posix --with-gxx-include-dir=/usr/include/c++/4.4 --program-suffix=-4.4 --enable-nls --enable-clocale=gnu --enable-libstdcxx-debug --enable-plugin --enable-objc-gc --enable-targets=all --disable-werror --with-arch-32=i486 --with-tune=generic --enable-checking=release --build=i486-linux-gnu --host=i486-linux-gnu --target=i486-linux-gnu
Thread model: posix
gcc version 4.4.3 (Ubuntu 4.4.3-4ubuntu5.1) 
configure:3972: $? = 0
configure:3961: gcc -V >&5
gcc: '-V' option must have argument
configure:3972: $? = 1
configure:3961: gcc -qversion >&5
gcc: unrecognized option '-qversion'
gcc: no input files
configure:3972: $? = 1
configure:3976: checking whether we are using the GNU C compiler
configure:3995: gcc -c   conftest.c >&5
configure:3995: $? = 0
configure:4004: result: yes
configure:4013: checking whether gcc accepts -g
configure:4033: gcc -c -g  conftest.c >&5
configure:4033: $? = 0
configure:4074: result: yes
configure:4091: checking for gcc option to accept ISO C89
configure:4155: gcc  -c -g -O2  conftest.c >&5
configure:4155: $? = 0
configure:4168: result: none needed
configure:4190: checking dependency style of gcc
configure:4300: result: gcc3
configure:4321: checking how to run the C preprocessor
configure:4352: gcc -E  conftest.c
configure:4352: $? = 0
configure:4366: gcc -E  conftest.c
conftest.c:11:28: error: ac_nonexistent.h: No such file or directory
configure:4366: $? = 1
configure: failed program was:
| /* confdefs.h */
| #define PACKAGE_NAME "sphinxclient"
| #define PACKAGE_TARNAME "sphinxclient"
| #define PACKAGE_VERSION "1.3.2"
| #define PACKAGE_STRING "sphinxclient 1.3.2"
| #define PACKAGE_BUGREPORT "jan.kirschner@firma.seznam.cz"
| #define PACKAGE_URL ""
| #define PACKAGE "sphinxclient"
| #define VERSION "1.3.2"
| /* end confdefs.h.  */
| #include <ac_nonexistent.h>
configure:4391: result: gcc -E
configure:4411: gcc -E  conftest.c
configure:4411: $? = 0
configure:4425: gcc -E  conftest.c
conftest.c:11:28: error: ac_nonexistent.h: No such file or directory
configure:4425: $? = 1
configure: failed program was:
| /* confdefs.h */
| #define PACKAGE_NAME "sphinxclient"
| #define PACKAGE_TARNAME "sphinxclient"
| #define PACKAGE_VERSION "1.3.2"
| #define PACKAGE_STRING "sphinxclient 1.3.2"
| #define PACKAGE_BUGREPORT "jan.kirschner@firma.seznam.cz"
| #define PACKAGE_URL ""
| #define PACKAGE "sphinxclient"
| #define VERSION "1.3.2"
| /* end confdefs.h.  */
| #include <ac_nonexistent.h>
configure:4454: checking for grep that handles long lines and -e
configure:4512: result: /bin/grep
configure:4517: checking for egrep
configure:4579: result: /bin/grep -E
configure:4584: checking for ANSI C header files
configure:4604: gcc -c -g -O2  conftest.c >&5
configure:4604: $? = 0
configure:4677: gcc -o conftest -g -O2   conftest.c  >&5
configure:4677: $? = 0
configure:4677: ./conftest
configure:4677: $? = 0
configure:4688: result: yes
configure:4727: checking build system type
configure:4741: result: i686-pc-linux-gnu
configure:4761: checking host system type
configure:4774: result: i686-pc-linux-gnu
configure:4794: checking for a sed that does not truncate output
configure:4858: result: /bin/sed
configure:4876: checking for fgrep
configure:4938: result: /bin/grep -F
configure:4973: checking for ld used by gcc
configure:5040: result: /usr/bin/ld
configure:5047: checking if the linker (/usr/bin/ld) is GNU ld
configure:5062: result: yes
configure:5074: checking for BSD- or MS-compatible name lister (nm)
configure:5123: result: /usr/bin/nm -B
configure:5241: checking the name lister (/usr/bin/nm -B) interface
configure:5248: gcc -c -g -O2  conftest.c >&5
configure:5251: /usr/bin/nm -B "conftest.o"
configure:5254: output
00000000 B some_variable
configure:5261: result: BSD nm
configure:5264: checking whether ln -s works
configure:5268: result: yes
configure:5276: checking the maximum length of command line arguments
configure:5396: result: 1572864
configure:5413: checking whether the shell understands some XSI constructs
configure:5423: result: yes
configure:5427: checking whether the shell understands "+="
configure:5433: result: yes
configure:5468: checking for /usr/bin/ld option to reload object files
configure:5475: result: -r
configure:5544: checking for objdump
configure:5560: found /usr/bin/objdump
configure:5571: result: objdump
configure:5603: checking how to recognize dependent libraries
configure:5799: result: pass_all
configure:5859: checking for ar
configure:5875: found /usr/bin/ar
configure:5886: result: ar
configure:5964: checking for strip
configure:5980: found /usr/bin/strip
configure:5991: result: strip
configure:6063: checking for ranlib
configure:6079: found /usr/bin/ranlib
configure:6090: result: ranlib
configure:6180: checking command to parse /usr/bin/nm -B output from gcc object
configure:6298: gcc -c -g -O2  conftest.c >&5
configure:6301: $? = 0
configure:6305: /usr/bin/nm -B conftest.o \| sed -n -e 's/^.*[	 ]\([ABCDGIRSTW][ABCDGIRSTW]*\)[	 ][	 ]*\([_A-Za-z][_A-Za-z0-9]*\)$/\1 \2 \2/p' \> conftest.nm
configure:6308: $? = 0
configure:6362: gcc -o conftest -g -O2   conftest.c conftstm.o >&5
configure:6365: $? = 0
configure:6403: result: ok
configure:7211: checking for sys/types.h
configure:7211: gcc -c -g -O2  conftest.c >&5
configure:7211: $? = 0
configure:7211: result: yes
configure:7211: checking for sys/stat.h
configure:7211: gcc -c -g -O2  conftest.c >&5
configure:7211: $? = 0
configure:7211: result: yes
configure:7211: checking for stdlib.h
configure:7211: gcc -c -g -O2  conftest.c >&5
configure:7211: $? = 0
configure:7211: result: yes
configure:7211: checking for string.h
configure:7211: gcc -c -g -O2  conftest.c >&5
configure:7211: $? = 0
configure:7211: result: yes
configure:7211: checking for memory.h
configure:7211: gcc -c -g -O2  conftest.c >&5
configure:7211: $? = 0
configure:7211: result: yes
configure:7211: checking for strings.h
configure:7211: gcc -c -g -O2  conftest.c >&5
configure:7211: $? = 0
configure:7211: result: yes
configure:7211: checking for inttypes.h
configure:7211: gcc -c -g -O2  conftest.c >&5
configure:7211: $? = 0
configure:7211: result: yes
configure:7211: checking for stdint.h
configure:7211: gcc -c -g -O2  conftest.c >&5
configure:7211: $? = 0
configure:7211: result: yes
configure:7211: checking for unistd.h
configure:7211: gcc -c -g -O2  conftest.c >&5
configure:7211: $? = 0
configure:7211: result: yes
configure:7226: checking for dlfcn.h
configure:7226: gcc -c -g -O2  conftest.c >&5
configure:7226: $? = 0
configure:7226: result: yes
configure:7351: checking for C++ compiler version
configure:7360: g++ --version >&5
g++ (Ubuntu 4.4.3-4ubuntu5.1) 4.4.3
Copyright (C) 2009 Free Software Foundation, Inc.
This is free software; see the source for copying conditions.  There is NO
warranty; not even for MERCHANTABILITY or FITNESS FOR A PARTICULAR PURPOSE.

configure:7371: $? = 0
configure:7360: g++ -v >&5
Using built-in specs.
Target: i486-linux-gnu
Configured with: ../src/configure -v --with-pkgversion='Ubuntu 4.4.3-4ubuntu5.1' --with-bugurl=file:///usr/share/doc/gcc-4.4/README.Bugs --enable-languages=c,c++,fortran,objc,obj-c++ --prefix=/usr --enable-shared --enable-multiarch --enable-linker-build-id --with-system-zlib --libexecdir=/usr/lib --without-included-gettext --enable-threads=posix --with-gxx-include-dir=/usr/include/c++/4.4 --program-suffix=-4.4 --enable-nls --enable-clocale=gnu --enable-libstdcxx-debug --enable-plugin --enable-objc-gc --enable-targets=all --disable-werror --with-arch-32=i486 --with-tune=generic --enable-checking=release --build=i486-linux-gnu --host=i486-linux-gnu --target=i486-linux-gnu
Thread model: posix
gcc version 4.4.3 (Ubuntu 4.4.3-4ubuntu5.1) 
configure:7371: $? = 0
configure:7360: g++ -V >&5
g++: '-V' option must have argument
configure:7371: $? = 1
configure:7360: g++ -qversion >&5
g++: unrecognized option '-qversion'
g++: no input files
configure:7371: $? = 1
configure:7375: checking whether we are using the GNU C++ compiler
configure:7403: result: yes
configure:7412: checking whether g++ accepts -g
configure:7473: result: yes
configure:7498: checking dependency style of g++
configure:7608: result: gcc3
configure:7631: checking how to run the C++ preprocessor
configure:7658: g++ -E  conftest.cpp
configure:7658: $? = 0
configure:7672: g++ -E  conftest.cpp
conftest.cpp:22:28: error: ac_nonexistent.h: No such file or directory
configure:7672: $? = 1
configure: failed program was:
| /* confdefs.h */
| #define PACKAGE_NAME "sphinxclient"
| #define PACKAGE_TARNAME "sphinxclient"
| #define PACKAGE_VERSION "1.3.2"
| #define PACKAGE_STRING "sphinxclient 1.3.2"
| #define PACKAGE_BUGREPORT "jan.kirschner@firma.seznam.cz"
| #define PACKAGE_URL ""
| #define PACKAGE "sphinxclient"
| #define VERSION "1.3.2"
| #define STDC_HEADERS 1
| #define HAVE_SYS_TYPES_H 1
| #define HAVE_SYS_STAT_H 1
| #define HAVE_STDLIB_H 1
| #define HAVE_STRING_H 1
| #define HAVE_MEMORY_H 1
| #define HAVE_STRINGS_H 1
| #define HAVE_INTTYPES_H 1
| #define HAVE_STDINT_H 1
| #define HAVE_UNISTD_H 1
| #define HAVE_DLFCN_H 1
| /* end confdefs.h.  */
| #include <ac_nonexistent.h>
configure:7697: result: g++ -E
configure:7717: g++ -E  conftest.cpp
configure:7717: $? = 0
configure:7731: g++ -E  conftest.cpp
conftest.cpp:22:28: error: ac_nonexistent.h: No such file or directory
configure:7731: $? = 1
configure: failed program was:
| /* confdefs.h */
| #define PACKAGE_NAME "sphinxclient"
| #define PACKAGE_TARNAME "sphinxclient"
| #define PACKAGE_VERSION "1.3.2"
| #define PACKAGE_STRING "sphinxclient 1.3.2"
| #define PACKAGE_BUGREPORT "jan.kirschner@firma.seznam.cz"
| #define PACKAGE_URL ""
| #define PACKAGE "sphinxclient"
| #define VERSION "1.3.2"
| #define STDC_HEADERS 1
| #define HAVE_SYS_TYPES_H 1
| #define HAVE_SYS_STAT_H 1
| #define HAVE_STDLIB_H 1
| #define HAVE_STRING_H 1
| #define HAVE_MEMORY_H 1
| #define HAVE_STRINGS_H 1
| #define HAVE_INTTYPES_H 1
| #define HAVE_STDINT_H 1
| #define HAVE_UNISTD_H 1
| #define HAVE_DLFCN_H 1
| /* end confdefs.h.  */
| #include <ac_nonexistent.h>
configure:7937: checking for objdir
configure:7952: result: .libs
configure:8244: checking if gcc supports -fno-rtti -fno-exceptions
configure:8262: gcc -c -g -O2  -fno-rtti -fno-exceptions conftest.c >&5
cc1: warning: command line option "-fno-rtti" is valid for C++/ObjC++ but not for C
configure:8266: $? = 0
configure:8279: result: no
configure:8299: checking for gcc option to produce PIC
configure:8571: result: -fPIC -DPIC
configure:8583: checking if gcc PIC flag -fPIC -DPIC works
configure:8601: gcc -c -g -O2  -fPIC -DPIC -DPIC conftest.c >&5
configure:8605: $? = 0
configure:8618: result: yes
configure:8642: checking if gcc static flag -static works
configure:8670: result: yes
configure:8685: checking if gcc supports -c -o file.o
configure:8706: gcc -c -g -O2  -o out/conftest2.o conftest.c >&5
configure:8710: $? = 0
configure:8732: result: yes
configure:8740: checking if gcc supports -c -o file.o
configure:8787: result: yes
configure:8820: checking whether the gcc linker (/usr/bin/ld) supports shared libraries
configure:9811: result: yes
configure:9848: checking whether -lc should be explicitly linked in
configure:9853: gcc -c -g -O2  conftest.c >&5
configure:9856: $? = 0
configure:9871: gcc -shared conftest.o  -v -Wl,-soname -Wl,conftest -o conftest 2\>\&1 \| /bin/grep  -lc  \>/dev/null 2\>\&1
configure:9874: $? = 0
configure:9886: result: no
configure:10050: checking dynamic linker characteristics
configure:10483: gcc -o conftest -g -O2   -Wl,-rpath -Wl,/foo conftest.c  >&5
configure:10483: $? = 0
configure:10713: result: GNU/Linux ld.so
configure:10815: checking how to hardcode library paths into programs
configure:10840: result: immediate
configure:11360: checking whether stripping libraries is possible
configure:11365: result: yes
configure:11400: checking if libtool supports shared libraries
configure:11402: result: yes
configure:11405: checking whether to build shared libraries
configure:11426: result: yes
configure:11429: checking whether to build static libraries
configure:11433: result: yes
configure:11583: checking for ld used by g++
configure:11650: result: /usr/bin/ld
configure:11657: checking if the linker (/usr/bin/ld) is GNU ld
configure:11672: result: yes
configure:11727: checking whether the g++ linker (/usr/bin/ld) supports shared libraries
configure:12640: result: yes
configure:12668: g++ -c -g -O2  conftest.cpp >&5
configure:12671: $? = 0
configure:12853: checking for g++ option to produce PIC
configure:13170: result: -fPIC -DPIC
configure:13179: checking if g++ PIC flag -fPIC -DPIC works
configure:13197: g++ -c -g -O2  -fPIC -DPIC -DPIC conftest.cpp >&5
configure:13201: $? = 0
configure:13214: result: yes
configure:13235: checking if g++ static flag -static works
configure:13263: result: yes
configure:13275: checking if g++ supports -c -o file.o
configure:13296: g++ -c -g -O2  -o out/conftest2.o conftest.cpp >&5
configure:13300: $? = 0
configure:13322: result: yes
configure:13327: checking if g++ supports -c -o file.o
configure:13374: result: yes
configure:13404: checking whether the g++ linker (/usr/bin/ld) supports shared libraries
configure:13433: result: yes
configure:13570: checking dynamic linker characteristics
configure:13951: g++ -o conftest -g -O2   -Wl,-rpath -Wl,/foo conftest.cpp  >&5
configure:13951: $? = 0
configure:14181: result: GNU/Linux ld.so
configure:14232: checking how to hardcode library paths into programs
configure:14257: result: immediate
configure:14325: checking fcntl.h usability
configure:14325: gcc -c -g -O2  conftest.c >&5
configure:14325: $? = 0
configure:14325: result: yes
configure:14325: checking fcntl.h presence
configure:14325: gcc -E  conftest.c
configure:14325: $? = 0
configure:14325: result: yes
configure:14325: checking for fcntl.h
configure:14325: result: yes
configure:14325: checking limits.h usability
configure:14325: gcc -c -g -O2  conftest.c >&5
configure:14325: $? = 0
configure:14325: result: yes
configure:14325: checking limits.h presence
configure:14325: gcc -E  conftest.c
configure:14325: $? = 0
configure:14325: result: yes
configure:14325: checking for limits.h
configure:14325: result: yes
configure:14325: checking netdb.h usability
configure:14325: gcc -c -g -O2  conftest.c >&5
configure:14325: $? = 0
configure:14325: result: yes
configure:14325: checking netdb.h presence
configure:14325: gcc -E  conftest.c
configure:14325: $? = 0
configure:14325: result: yes
configure:14325: checking for netdb.h
configure:14325: result: yes
configure:14325: checking netinet/in.h usability
configure:14325: gcc -c -g -O2  conftest.c >&5
configure:14325: $? = 0
configure:14325: result: yes
configure:14325: checking netinet/in.h presence
configure:14325: gcc -E  conftest.c
configure:14325: $? = 0
configure:14325: result: yes
configure:14325: checking for netinet/in.h
configure:14325: result: yes
configure:14325: checking for stdlib.h
configure:14325: result: yes
configure:14325: checking for string.h
configure:14325: result: yes
configure:14325: checking sys/file.h usability
configure:14325: gcc -c -g -O2  conftest.c >&5
configure:14325: $? = 0
configure:14325: result: yes
configure:14325: checking sys/file.h presence
configure:14325: gcc -E  conftest.c
configure:14325: $? = 0
configure:14325: result: yes
configure:14325: checking for sys/file.h
configure:14325: result: yes
configure:14325: checking sys/socket.h usability
configure:14325: gcc -c -g -O2  conftest.c >&5
configure:14325: $? = 0
configure:14325: result: yes
configure:14325: checking sys/socket.h presence
configure:14325: gcc -E  conftest.c
configure:14325: $? = 0
configure:14325: result: yes
configure:14325: checking for sys/socket.h
configure:14325: result: yes
configure:14325: checking sys/time.h usability
configure:14325: gcc -c -g -O2  conftest.c >&5
configure:14325: $? = 0
configure:14325: result: yes
configure:14325: checking sys/time.h presence
configure:14325: gcc -E  conftest.c
configure:14325: $? = 0
configure:14325: result: yes
configure:14325: checking for sys/time.h
configure:14325: result: yes
configure:14325: checking for unistd.h
configure:14325: result: yes
configure:14336: checking for netdb.h
configure:14336: result: yes
configure:14345: checking for netinet/in.h
configure:14345: result: yes
configure:14354: checking for sys/socket.h
configure:14354: result: yes
configure:14363: checking for stdlib.h
configure:14363: result: yes
configure:14372: checking for unistd.h
configure:14372: result: yes
configure:14547: creating ./config.status

## ---------------------- ##
## Running config.status. ##
## ---------------------- ##

This file was extended by sphinxclient config.status 1.3.2, which was
generated by GNU Autoconf 2.65.  Invocation command line was

  CONFIG_FILES    = 
  CONFIG_HEADERS  = 
  CONFIG_LINKS    = 
  CONFIG_COMMANDS = 
  $ ./config.status 

on ubuntu

config.status:1053: creating version
config.status:1053: creating Makefile
config.status:1053: creating src/Makefile
config.status:1053: creating include/Makefile
config.status:1053: creating include/sphinxclient/Makefile
config.status:1216: executing depfiles commands
config.status:1216: executing libtool commands

## ---------------- ##
## Cache variables. ##
## ---------------- ##

ac_cv_build=i686-pc-linux-gnu
ac_cv_c_compiler_gnu=yes
ac_cv_cxx_compiler_gnu=yes
ac_cv_env_CCC_set=
ac_cv_env_CCC_value=
ac_cv_env_CC_set=
ac_cv_env_CC_value=
ac_cv_env_CFLAGS_set=
ac_cv_env_CFLAGS_value=
ac_cv_env_CPPFLAGS_set=
ac_cv_env_CPPFLAGS_value=
ac_cv_env_CPP_set=
ac_cv_env_CPP_value=
ac_cv_env_CXXCPP_set=
ac_cv_env_CXXCPP_value=
ac_cv_env_CXXFLAGS_set=
ac_cv_env_CXXFLAGS_value=
ac_cv_env_CXX_set=
ac_cv_env_CXX_value=
ac_cv_env_LDFLAGS_set=
ac_cv_env_LDFLAGS_value=
ac_cv_env_LIBS_set=
ac_cv_env_LIBS_value=
ac_cv_env_build_alias_set=
ac_cv_env_build_alias_value=
ac_cv_env_host_alias_set=
ac_cv_env_host_alias_value=
ac_cv_env_target_alias_set=
ac_cv_env_target_alias_value=
ac_cv_header_dlfcn_h=yes
ac_cv_header_fcntl_h=yes
ac_cv_header_inttypes_h=yes
ac_cv_header_limits_h=yes
ac_cv_header_memory_h=yes
ac_cv_header_netdb_h=yes
ac_cv_header_netinet_in_h=yes
ac_cv_header_stdc=yes
ac_cv_header_stdint_h=yes
ac_cv_header_stdlib_h=yes
ac_cv_header_string_h=yes
ac_cv_header_strings_h=yes
ac_cv_header_sys_file_h=yes
ac_cv_header_sys_socket_h=yes
ac_cv_header_sys_stat_h=yes
ac_cv_header_sys_time_h=yes
ac_cv_header_sys_types_h=yes
ac_cv_header_unistd_h=yes
ac_cv_host=i686-pc-linux-gnu
ac_cv_objext=o
ac_cv_path_EGREP='/bin/grep -E'
ac_cv_path_FGREP='/bin/grep -F'
ac_cv_path_GREP=/bin/grep
ac_cv_path_SED=/bin/sed
ac_cv_path_install='/usr/bin/install -c'
ac_cv_path_mkdir=/bin/mkdir
ac_cv_prog_AWK=mawk
ac_cv_prog_CPP='gcc -E'
ac_cv_prog_CXXCPP='g++ -E'
ac_cv_prog_ac_ct_AR=ar
ac_cv_prog_ac_ct_CC=gcc
ac_cv_prog_ac_ct_CXX=g++
ac_cv_prog_ac_ct_OBJDUMP=objdump
ac_cv_prog_ac_ct_RANLIB=ranlib
ac_cv_prog_ac_ct_STRIP=strip
ac_cv_prog_cc_c89=
ac_cv_prog_cc_g=yes
ac_cv_prog_cxx_g=yes
ac_cv_prog_make_make_set=yes
am_cv_CC_dependencies_compiler_type=gcc3
am_cv_CXX_dependencies_compiler_type=gcc3
lt_cv_deplibs_check_method=pass_all
lt_cv_file_magic_cmd='$MAGIC_CMD'
lt_cv_file_magic_test_file=
lt_cv_ld_reload_flag=-r
lt_cv_nm_interface='BSD nm'
lt_cv_objdir=.libs
lt_cv_path_LD=/usr/bin/ld
lt_cv_path_LDCXX=/usr/bin/ld
lt_cv_path_NM='/usr/bin/nm -B'
lt_cv_prog_compiler_c_o=yes
lt_cv_prog_compiler_c_o_CXX=yes
lt_cv_prog_compiler_pic_works=yes
lt_cv_prog_compiler_pic_works_CXX=yes
lt_cv_prog_compiler_rtti_exceptions=no
lt_cv_prog_compiler_static_works=yes
lt_cv_prog_compiler_static_works_CXX=yes
lt_cv_prog_gnu_ld=yes
lt_cv_prog_gnu_ldcxx=yes
lt_cv_sys_global_symbol_pipe='sed -n -e '\''s/^.*[	 ]\([ABCDGIRSTW][ABCDGIRSTW]*\)[	 ][	 ]*\([_A-Za-z][_A-Za-z0-9]*\)$/\1 \2 \2/p'\'''
lt_cv_sys_global_symbol_to_c_name_address='sed -n -e '\''s/^: \([^ ]*\) $/  {\"\1\", (void *) 0},/p'\'' -e '\''s/^[ABCDGIRSTW]* \([^ ]*\) \([^ ]*\)$/  {"\2", (void *) \&\2},/p'\'''
lt_cv_sys_global_symbol_to_c_name_address_lib_prefix='sed -n -e '\''s/^: \([^ ]*\) $/  {\"\1\", (void *) 0},/p'\'' -e '\''s/^[ABCDGIRSTW]* \([^ ]*\) \(lib[^ ]*\)$/  {"\2", (void *) \&\2},/p'\'' -e '\''s/^[ABCDGIRSTW]* \([^ ]*\) \([^ ]*\)$/  {"lib\2", (void *) \&\2},/p'\'''
lt_cv_sys_global_symbol_to_cdecl='sed -n -e '\''s/^T .* \(.*\)$/extern int \1();/p'\'' -e '\''s/^[ABCDGIRSTW]* .* \(.*\)$/extern char \1;/p'\'''
lt_cv_sys_max_cmd_len=1572864

## ----------------- ##
## Output variables. ##
## ----------------- ##

ACLOCAL='${SHELL} /home/gaston/svndata/cgithub/sphinx_client/libsphinxclient4_1.3.3/missing --run aclocal-1.11'
AMDEPBACKSLASH='\'
AMDEP_FALSE='#'
AMDEP_TRUE=''
AMTAR='${SHELL} /home/gaston/svndata/cgithub/sphinx_client/libsphinxclient4_1.3.3/missing --run tar'
AR='ar'
AUTOCONF='${SHELL} /home/gaston/svndata/cgithub/sphinx_client/libsphinxclient4_1.3.3/missing --run autoconf'
AUTOHEADER='${SHELL} /home/gaston/svndata/cgithub/sphinx_client/libsphinxclient4_1.3.3/missing --run autoheader'
AUTOMAKE='${SHELL} /home/gaston/svndata/cgithub/sphinx_client/libsphinxclient4_1.3.3/missing --run automake-1.11'
AWK='mawk'
CC='gcc'
CCDEPMODE='depmode=gcc3'
CFLAGS='-g -O2'
CPP='gcc -E'
CPPFLAGS=''
CXX='g++'
CXXCPP='g++ -E'
CXXDEPMODE='depmode=gcc3'
CXXFLAGS='-g -O2'
CYGPATH_W='echo'
DEFS='-DPACKAGE_NAME=\"sphinxclient\" -DPACKAGE_TARNAME=\"sphinxclient\" -DPACKAGE_VERSION=\"1.3.2\" -DPACKAGE_STRING=\"sphinxclient\ 1.3.2\" -DPACKAGE_BUGREPORT=\"jan.kirschner@firma.seznam.cz\" -DPACKAGE_URL=\"\" -DPACKAGE=\"sphinxclient\" -DVERSION=\"1.3.2\" -DSTDC_HEADERS=1 -DHAVE_SYS_TYPES_H=1 -DHAVE_SYS_STAT_H=1 -DHAVE_STDLIB_H=1 -DHAVE_STRING_H=1 -DHAVE_MEMORY_H=1 -DHAVE_STRINGS_H=1 -DHAVE_INTTYPES_H=1 -DHAVE_STDINT_H=1 -DHAVE_UNISTD_H=1 -DHAVE_DLFCN_H=1 -DLT_OBJDIR=\".libs/\" -DHAVE_FCNTL_H=1 -DHAVE_LIMITS_H=1 -DHAVE_NETDB_H=1 -DHAVE_NETINET_IN_H=1 -DHAVE_STDLIB_H=1 -DHAVE_STRING_H=1 -DHAVE_SYS_FILE_H=1 -DHAVE_SYS_SOCKET_H=1 -DHAVE_SYS_TIME_H=1 -DHAVE_UNISTD_H=1'
DEPDIR='.deps'
DSYMUTIL=''
DUMPBIN=''
ECHO_C=''
ECHO_N='-n'
ECHO_T=''
EGREP='/bin/grep -E'
EXEEXT=''
FGREP='/bin/grep -F'
GREP='/bin/grep'
INSTALL_DATA='${INSTALL} -m 644'
INSTALL_PROGRAM='${INSTALL}'
INSTALL_SCRIPT='${INSTALL}'
INSTALL_STRIP_PROGRAM='$(install_sh) -c -s'
LD='/usr/bin/ld'
LDFLAGS=''
LIBOBJS=''
LIBS=''
LIBTOOL='$(SHELL) $(top_builddir)/libtool'
LIPO=''
LN_S='ln -s'
LTLIBOBJS=''
MAKEINFO='${SHELL} /home/gaston/svndata/cgithub/sphinx_client/libsphinxclient4_1.3.3/missing --run makeinfo'
MKDIR_P='/bin/mkdir -p'
NM='/usr/bin/nm -B'
NMEDIT=''
OBJDUMP='objdump'
OBJEXT='o'
OTOOL64=''
OTOOL=''
PACKAGE='sphinxclient'
PACKAGE_BUGREPORT='jan.kirschner@firma.seznam.cz'
PACKAGE_NAME='sphinxclient'
PACKAGE_STRING='sphinxclient 1.3.2'
PACKAGE_TARNAME='sphinxclient'
PACKAGE_URL=''
PACKAGE_VERSION='1.3.2'
PATH_SEPARATOR=':'
RANLIB='ranlib'
SED='/bin/sed'
SET_MAKE=''
SHELL='/bin/bash'
STRIP='strip'
VERSION='1.3.2'
VERSION_INFO='-version-info 4:0:0'
ac_ct_CC='gcc'
ac_ct_CXX='g++'
ac_ct_DUMPBIN=''
am__EXEEXT_FALSE=''
am__EXEEXT_TRUE='#'
am__fastdepCC_FALSE='#'
am__fastdepCC_TRUE=''
am__fastdepCXX_FALSE='#'
am__fastdepCXX_TRUE=''
am__include='include'
am__isrc=''
am__leading_dot='.'
am__quote=''
am__tar='${AMTAR} chof - "$$tardir"'
am__untar='${AMTAR} xf -'
bindir='${exec_prefix}/bin'
build='i686-pc-linux-gnu'
build_alias=''
build_cpu='i686'
build_os='linux-gnu'
build_vendor='pc'
datadir='${datarootdir}'
datarootdir='${prefix}/share'
docdir='${datarootdir}/doc/${PACKAGE_TARNAME}'
dvidir='${docdir}'
exec_prefix='${prefix}'
host='i686-pc-linux-gnu'
host_alias=''
host_cpu='i686'
host_os='linux-gnu'
host_vendor='pc'
htmldir='${docdir}'
includedir='${prefix}/include'
infodir='${datarootdir}/info'
install_sh='${SHELL} /home/gaston/svndata/cgithub/sphinx_client/libsphinxclient4_1.3.3/install-sh'
libdir='${exec_prefix}/lib'
libexecdir='${exec_prefix}/libexec'
localedir='${datarootdir}/locale'
localstatedir='${prefix}/var'
lt_ECHO='echo'
mandir='${datarootdir}/man'
mkdir_p='/bin/mkdir -p'
oldincludedir='/usr/include'
pdfdir='${docdir}'
prefix='/usr/local'
program_transform_name='s,x,x,'
psdir='${docdir}'
sbindir='${exec_prefix}/sbin'
sharedstatedir='${prefix}/com'
sysconfdir='${prefix}/etc'
target_alias=''

## ----------- ##
## confdefs.h. ##
## ----------- ##

/* confdefs.h */
#define PACKAGE_NAME "sphinxclient"
#define PACKAGE_TARNAME "sphinxclient"
#define PACKAGE_VERSION "1.3.2"
#define PACKAGE_STRING "sphinxclient 1.3.2"
#define PACKAGE_BUGREPORT "jan.kirschner@firma.seznam.cz"
#define PACKAGE_URL ""
#define PACKAGE "sphinxclient"
#define VERSION "1.3.2"
#define STDC_HEADERS 1
#define HAVE_SYS_TYPES_H 1
#define HAVE_SYS_STAT_H 1
#define HAVE_STDLIB_H 1
#define HAVE_STRING_H 1
#define HAVE_MEMORY_H 1
#define HAVE_STRINGS_H 1
#define HAVE_INTTYPES_H 1
#define HAVE_STDINT_H 1
#define HAVE_UNISTD_H 1
#define HAVE_DLFCN_H 1
#define LT_OBJDIR ".libs/"
#define HAVE_FCNTL_H 1
#define HAVE_LIMITS_H 1
#define HAVE_NETDB_H 1
#define HAVE_NETINET_IN_H 1
#define HAVE_STDLIB_H 1
#define HAVE_STRING_H 1
#define HAVE_SYS_FILE_H 1
#define HAVE_SYS_SOCKET_H 1
#define HAVE_SYS_TIME_H 1
#define HAVE_UNISTD_H 1

configure: exit 0

## ---------------------- ##
## Running config.status. ##
## ---------------------- ##

This file was extended by sphinxclient config.status 1.3.2, which was
generated by GNU Autoconf 2.65.  Invocation command line was

  CONFIG_FILES    = 
  CONFIG_HEADERS  = 
  CONFIG_LINKS    = 
  CONFIG_COMMANDS = 
  $ ./config.status Makefile depfiles

on ubuntu

config.status:1053: creating Makefile
config.status:1216: executing depfiles commands
